2024-08-25 14:46:46,990:WARNING:
'cuml' is a soft dependency and not included in the pycaret installation. Please run: `pip install cuml` to install.
2024-08-25 14:46:46,990:WARNING:
'cuml' is a soft dependency and not included in the pycaret installation. Please run: `pip install cuml` to install.
2024-08-25 14:46:46,990:WARNING:
'cuml' is a soft dependency and not included in the pycaret installation. Please run: `pip install cuml` to install.
2024-08-25 14:46:46,990:WARNING:
'cuml' is a soft dependency and not included in the pycaret installation. Please run: `pip install cuml` to install.
2024-08-25 14:46:49,872:INFO:PyCaret AnomalyExperiment
2024-08-25 14:46:49,872:INFO:Logging name: anomaly-default-name
2024-08-25 14:46:49,872:INFO:ML Usecase: MLUsecase.ANOMALY
2024-08-25 14:46:49,872:INFO:version 3.3.2
2024-08-25 14:46:49,873:INFO:Initializing setup()
2024-08-25 14:46:49,873:INFO:self.USI: 93c5
2024-08-25 14:46:49,873:INFO:self._variable_keys: {'idx', 'gpu_n_jobs_param', 'gpu_param', 'exp_id', 'pipeline', 'n_jobs_param', 'USI', 'exp_name_log', '_available_plots', 'memory', 'data', 'X', 'html_param', '_ml_usecase', 'logging_param', 'seed', 'log_plots_param'}
2024-08-25 14:46:49,873:INFO:Checking environment
2024-08-25 14:46:49,873:INFO:python_version: 3.11.5
2024-08-25 14:46:49,873:INFO:python_build: ('main', 'Sep 11 2023 13:26:23')
2024-08-25 14:46:49,873:INFO:machine: AMD64
2024-08-25 14:46:49,880:INFO:platform: Windows-10-10.0.22631-SP0
2024-08-25 14:46:49,880:INFO:Memory: svmem(total=16881057792, available=8005005312, percent=52.6, used=8876052480, free=8005005312)
2024-08-25 14:46:49,880:INFO:Physical Core: 6
2024-08-25 14:46:49,880:INFO:Logical Core: 12
2024-08-25 14:46:49,880:INFO:Checking libraries
2024-08-25 14:46:49,880:INFO:System:
2024-08-25 14:46:49,881:INFO:    python: 3.11.5 | packaged by Anaconda, Inc. | (main, Sep 11 2023, 13:26:23) [MSC v.1916 64 bit (AMD64)]
2024-08-25 14:46:49,881:INFO:executable: C:\Users\yqyew\anaconda3\envs\mlops\python.exe
2024-08-25 14:46:49,881:INFO:   machine: Windows-10-10.0.22631-SP0
2024-08-25 14:46:49,881:INFO:PyCaret required dependencies:
2024-08-25 14:46:50,839:INFO:                 pip: 24.0
2024-08-25 14:46:50,839:INFO:          setuptools: 69.5.1
2024-08-25 14:46:50,839:INFO:             pycaret: 3.3.2
2024-08-25 14:46:50,839:INFO:             IPython: 8.26.0
2024-08-25 14:46:50,839:INFO:          ipywidgets: 8.1.3
2024-08-25 14:46:50,839:INFO:                tqdm: 4.66.5
2024-08-25 14:46:50,839:INFO:               numpy: 1.26.4
2024-08-25 14:46:50,839:INFO:              pandas: 2.1.1
2024-08-25 14:46:50,839:INFO:              jinja2: 3.1.4
2024-08-25 14:46:50,839:INFO:               scipy: 1.11.4
2024-08-25 14:46:50,839:INFO:              joblib: 1.3.2
2024-08-25 14:46:50,839:INFO:             sklearn: 1.4.2
2024-08-25 14:46:50,839:INFO:                pyod: 2.0.1
2024-08-25 14:46:50,839:INFO:            imblearn: 0.12.3
2024-08-25 14:46:50,839:INFO:   category_encoders: 2.6.3
2024-08-25 14:46:50,839:INFO:            lightgbm: 4.5.0
2024-08-25 14:46:50,839:INFO:               numba: 0.60.0
2024-08-25 14:46:50,839:INFO:            requests: 2.32.3
2024-08-25 14:46:50,839:INFO:          matplotlib: 3.7.5
2024-08-25 14:46:50,839:INFO:          scikitplot: 0.3.7
2024-08-25 14:46:50,839:INFO:         yellowbrick: 1.5
2024-08-25 14:46:50,839:INFO:              plotly: 5.23.0
2024-08-25 14:46:50,839:INFO:    plotly-resampler: Not installed
2024-08-25 14:46:50,839:INFO:             kaleido: 0.2.1
2024-08-25 14:46:50,839:INFO:           schemdraw: 0.15
2024-08-25 14:46:50,839:INFO:         statsmodels: 0.14.2
2024-08-25 14:46:50,839:INFO:              sktime: 0.26.0
2024-08-25 14:46:50,839:INFO:               tbats: 1.1.3
2024-08-25 14:46:50,839:INFO:            pmdarima: 2.0.4
2024-08-25 14:46:50,839:INFO:              psutil: 6.0.0
2024-08-25 14:46:50,839:INFO:          markupsafe: 2.1.5
2024-08-25 14:46:50,839:INFO:             pickle5: Not installed
2024-08-25 14:46:50,839:INFO:         cloudpickle: 3.0.0
2024-08-25 14:46:50,839:INFO:         deprecation: 2.1.0
2024-08-25 14:46:50,839:INFO:              xxhash: 3.4.1
2024-08-25 14:46:50,839:INFO:           wurlitzer: Not installed
2024-08-25 14:46:50,839:INFO:PyCaret optional dependencies:
2024-08-25 14:46:53,769:INFO:                shap: 0.44.1
2024-08-25 14:46:53,769:INFO:           interpret: 0.6.2
2024-08-25 14:46:53,769:INFO:                umap: 0.5.6
2024-08-25 14:46:53,769:INFO:     ydata_profiling: 4.9.0
2024-08-25 14:46:53,769:INFO:  explainerdashboard: 0.4.7
2024-08-25 14:46:53,769:INFO:             autoviz: Not installed
2024-08-25 14:46:53,769:INFO:           fairlearn: 0.7.0
2024-08-25 14:46:53,769:INFO:          deepchecks: Not installed
2024-08-25 14:46:53,769:INFO:             xgboost: Not installed
2024-08-25 14:46:53,769:INFO:            catboost: 1.2.5
2024-08-25 14:46:53,769:INFO:              kmodes: 0.12.2
2024-08-25 14:46:53,769:INFO:             mlxtend: 0.23.1
2024-08-25 14:46:53,769:INFO:       statsforecast: 1.5.0
2024-08-25 14:46:53,769:INFO:        tune_sklearn: Not installed
2024-08-25 14:46:53,769:INFO:                 ray: Not installed
2024-08-25 14:46:53,769:INFO:            hyperopt: 0.2.7
2024-08-25 14:46:53,769:INFO:              optuna: 3.6.1
2024-08-25 14:46:53,769:INFO:               skopt: 0.10.2
2024-08-25 14:46:53,769:INFO:              mlflow: 2.15.0
2024-08-25 14:46:53,769:INFO:              gradio: 4.40.0
2024-08-25 14:46:53,769:INFO:             fastapi: 0.112.0
2024-08-25 14:46:53,769:INFO:             uvicorn: 0.30.5
2024-08-25 14:46:53,770:INFO:              m2cgen: 0.10.0
2024-08-25 14:46:53,770:INFO:           evidently: 0.4.33
2024-08-25 14:46:53,770:INFO:               fugue: 0.8.7
2024-08-25 14:46:53,770:INFO:           streamlit: Not installed
2024-08-25 14:46:53,770:INFO:             prophet: Not installed
2024-08-25 14:46:53,770:INFO:None
2024-08-25 14:46:53,770:INFO:Set up data.
2024-08-25 14:46:53,783:INFO:Set up index.
2024-08-25 14:46:53,783:INFO:Assigning column types.
2024-08-25 14:46:53,786:INFO:Engine successfully changes for model 'kmeans' to 'sklearn'.
2024-08-25 14:46:54,136:INFO:Engine successfully changes for model 'dbscan' to 'sklearn'.
2024-08-25 14:46:54,137:INFO:Preparing preprocessing pipeline...
2024-08-25 14:46:54,137:INFO:Set up simple imputation.
2024-08-25 14:46:54,140:INFO:Set up encoding of categorical features.
2024-08-25 14:46:54,682:INFO:Finished creating preprocessing pipeline.
2024-08-25 14:46:54,689:INFO:Pipeline: Pipeline(memory=FastMemory(location=C:\Users\yqyew\AppData\Local\Temp\joblib),
         steps=[('numerical_imputer',
                 TransformerWrapper(include=['AMT'],
                                    transformer=SimpleImputer())),
                ('categorical_imputer',
                 TransformerWrapper(include=['DIV_NAME', 'MERCHANT', 'CAT_DESC',
                                             'TRANS_DT'],
                                    transformer=SimpleImputer(strategy='most_frequent'))),
                ('onehot_encoding',
                 TransformerWrapper(include=['DIV_NAME', 'MERCHANT', 'CAT_DESC',
                                             'TRANS_DT'],
                                    transformer=OneHotEncoder(cols=['DIV_NAME',
                                                                    'MERCHANT',
                                                                    'CAT_DESC',
                                                                    'TRANS_DT'],
                                                              handle_missing='return_nan',
                                                              use_cat_names=True)))])
2024-08-25 14:46:54,689:INFO:Creating final display dataframe.
2024-08-25 14:46:55,797:INFO:Setup _display_container:                  Description                 Value
0                 Session id                   123
1        Original data shape            (14672, 8)
2     Transformed data shape         (14672, 7762)
3            Ignore features                     3
4           Numeric features                     1
5       Categorical features                     4
6                 Preprocess                  True
7            Imputation type                simple
8         Numeric imputation                  mean
9     Categorical imputation                  mode
10  Maximum one-hot encoding                    -1
11           Encoding method                  None
12                  CPU Jobs                    -1
13                   Use GPU                 False
14            Log Experiment                 False
15           Experiment Name  anomaly-default-name
16                       USI                  93c5
2024-08-25 14:46:55,801:INFO:setup() successfully completed in 5.94s...............
2024-08-25 14:46:55,801:INFO:Initializing create_model()
2024-08-25 14:46:55,801:INFO:create_model(self=<pycaret.anomaly.oop.AnomalyExperiment object at 0x000001DD63794810>, estimator=knn, num_clusters=4, fraction=0.05, ground_truth=None, round=4, fit_kwargs=None, experiment_custom_tags=None, verbose=True, system=True, add_to_model_list=True, raise_num_clusters=False, display=None, kwargs={})
2024-08-25 14:46:55,801:INFO:Checking exceptions
2024-08-25 14:46:56,573:INFO:Importing untrained model
2024-08-25 14:46:56,573:INFO:K-Nearest Neighbors Detector Imported successfully
2024-08-25 14:46:57,019:INFO:Fitting Model
2024-08-25 14:47:27,615:INFO:KNN(algorithm='auto', contamination=0.05, leaf_size=30, method='largest',
  metric='minkowski', metric_params=None, n_jobs=-1, n_neighbors=5, p=2,
  radius=1.0)
2024-08-25 14:47:27,615:INFO:create_models() successfully completed......................................
2024-08-25 14:47:27,616:INFO:Uploading results into container
2024-08-25 14:47:27,616:INFO:Uploading model into container now
2024-08-25 14:47:27,616:INFO:_master_model_container: 1
2024-08-25 14:47:27,616:INFO:_display_container: 1
2024-08-25 14:47:27,616:INFO:KNN(algorithm='auto', contamination=0.05, leaf_size=30, method='largest',
  metric='minkowski', metric_params=None, n_jobs=-1, n_neighbors=5, p=2,
  radius=1.0)
2024-08-25 14:47:27,616:INFO:create_model() successfully completed......................................
2024-08-25 14:47:27,802:INFO:Initializing save_model()
2024-08-25 14:47:27,802:INFO:save_model(model=KNN(algorithm='auto', contamination=0.05, leaf_size=30, method='largest',
  metric='minkowski', metric_params=None, n_jobs=-1, n_neighbors=5, p=2,
  radius=1.0), model_name=anomaly_detection, prep_pipe_=Pipeline(memory=FastMemory(location=C:\Users\yqyew\AppData\Local\Temp\joblib),
         steps=[('numerical_imputer',
                 TransformerWrapper(include=['AMT'],
                                    transformer=SimpleImputer())),
                ('categorical_imputer',
                 TransformerWrapper(include=['DIV_NAME', 'MERCHANT', 'CAT_DESC',
                                             'TRANS_DT'],
                                    transformer=SimpleImputer(strategy='most_frequent'))),
                ('onehot_encoding',
                 TransformerWrapper(include=['DIV_NAME', 'MERCHANT', 'CAT_DESC',
                                             'TRANS_DT'],
                                    transformer=OneHotEncoder(cols=['DIV_NAME',
                                                                    'MERCHANT',
                                                                    'CAT_DESC',
                                                                    'TRANS_DT'],
                                                              handle_missing='return_nan',
                                                              use_cat_names=True)))]), verbose=True, use_case=MLUsecase.ANOMALY, kwargs={})
2024-08-25 14:47:27,802:INFO:Adding model into prep_pipe
2024-08-25 14:47:29,060:INFO:anomaly_detection.pkl saved in current working directory
2024-08-25 14:47:29,066:INFO:Pipeline(memory=Memory(location=None),
         steps=[('numerical_imputer',
                 TransformerWrapper(include=['AMT'],
                                    transformer=SimpleImputer())),
                ('categorical_imputer',
                 TransformerWrapper(include=['DIV_NAME', 'MERCHANT', 'CAT_DESC',
                                             'TRANS_DT'],
                                    transformer=SimpleImputer(strategy='most_frequent'))),
                ('onehot_encoding',
                 TransformerWrapper(include=['DIV_NAME', 'MERCHANT', 'CAT_DESC',
                                             'TRANS_DT'],
                                    transformer=OneHotEncoder(cols=['DIV_NAME',
                                                                    'MERCHANT',
                                                                    'CAT_DESC',
                                                                    'TRANS_DT'],
                                                              handle_missing='return_nan',
                                                              use_cat_names=True))),
                ('trained_model',
                 KNN(algorithm='auto', contamination=0.05, leaf_size=30, method='largest',
  metric='minkowski', metric_params=None, n_jobs=-1, n_neighbors=5, p=2,
  radius=1.0))])
2024-08-25 14:47:29,066:INFO:save_model() successfully completed......................................
2024-08-25 14:47:44,320:WARNING:
'cuml' is a soft dependency and not included in the pycaret installation. Please run: `pip install cuml` to install.
2024-08-25 14:47:44,321:WARNING:
'cuml' is a soft dependency and not included in the pycaret installation. Please run: `pip install cuml` to install.
2024-08-25 14:47:44,321:WARNING:
'cuml' is a soft dependency and not included in the pycaret installation. Please run: `pip install cuml` to install.
2024-08-25 14:47:44,321:WARNING:
'cuml' is a soft dependency and not included in the pycaret installation. Please run: `pip install cuml` to install.
2024-08-25 14:47:46,359:INFO:Initializing load_model()
2024-08-25 14:47:46,359:INFO:load_model(model_name=anomaly_detection, platform=None, authentication=None, verbose=True)
2024-08-25 14:47:50,289:WARNING:
'cuml' is a soft dependency and not included in the pycaret installation. Please run: `pip install cuml` to install.
2024-08-25 14:47:50,289:WARNING:
'cuml' is a soft dependency and not included in the pycaret installation. Please run: `pip install cuml` to install.
2024-08-25 14:47:50,289:WARNING:
'cuml' is a soft dependency and not included in the pycaret installation. Please run: `pip install cuml` to install.
2024-08-25 14:47:50,289:WARNING:
'cuml' is a soft dependency and not included in the pycaret installation. Please run: `pip install cuml` to install.
2024-08-25 14:47:52,524:INFO:Initializing load_model()
2024-08-25 14:47:52,524:INFO:load_model(model_name=anomaly_detection, platform=None, authentication=None, verbose=True)
2024-08-25 14:48:49,653:WARNING:
'cuml' is a soft dependency and not included in the pycaret installation. Please run: `pip install cuml` to install.
2024-08-25 14:48:49,653:WARNING:
'cuml' is a soft dependency and not included in the pycaret installation. Please run: `pip install cuml` to install.
2024-08-25 14:48:49,653:WARNING:
'cuml' is a soft dependency and not included in the pycaret installation. Please run: `pip install cuml` to install.
2024-08-25 14:48:49,653:WARNING:
'cuml' is a soft dependency and not included in the pycaret installation. Please run: `pip install cuml` to install.
